\BOOKMARK [0][]{chapter*.2}{\376\377\000I\000n\000t\000r\000o\000d\000u\000c\000t\000i\000o\000n}{}% 1
\BOOKMARK [1][]{section*.4}{\376\377\000O\000b\000j\000e\000c\000t\000i\000v\000e}{chapter*.2}% 2
\BOOKMARK [1][]{section*.5}{\376\377\000O\000u\000t\000l\000i\000n\000e}{chapter*.2}% 3
\BOOKMARK [0][]{chapter.7}{\376\377\000B\000B\000N\000\040\000P\000h\000y\000s\000i\000c\000s\000\040\000a\000n\000d\000\040\000C\000o\000s\000m\000o\000l\000o\000g\000y}{}% 4
\BOOKMARK [1][]{section.8}{\376\377\000D\000e\000t\000e\000r\000m\000i\000n\000i\000n\000g\000\040\000B\000a\000c\000k\000g\000r\000o\000u\000n\000d\000\040\000P\000a\000r\000a\000m\000e\000t\000e\000r\000s}{chapter.7}% 5
\BOOKMARK [2][]{subsection.9}{\376\377\000S\000c\000a\000l\000e\000\040\000F\000a\000c\000t\000o\000r}{section.8}% 6
\BOOKMARK [2][]{subsection.13}{\376\377\000T\000e\000m\000p\000e\000r\000a\000t\000u\000r\000e}{section.8}% 7
\BOOKMARK [2][]{subsection.17}{\376\377\000A\000d\000d\000i\000t\000i\000o\000n\000a\000l\000\040\000P\000a\000r\000a\000m\000e\000t\000e\000r\000s}{section.8}% 8
\BOOKMARK [1][]{section.19}{\376\377\000E\000n\000e\000r\000g\000y\000\040\000D\000e\000n\000s\000i\000t\000y\000\040\000a\000n\000d\000\040\000P\000r\000e\000s\000s\000u\000r\000e\000\040\000o\000f\000\040\000D\000i\000f\000f\000e\000r\000e\000n\000t\000\040\000P\000a\000r\000t\000i\000c\000l\000e\000s}{chapter.7}% 9
\BOOKMARK [2][]{subsection.20}{\376\377\000R\000e\000l\000a\000t\000i\000v\000i\000s\000t\000i\000c\000\040\000G\000a\000s\000s\000e\000s}{section.19}% 10
\BOOKMARK [2][]{subsection.31}{\376\377\000P\000h\000o\000t\000o\000n\000s}{section.19}% 11
\BOOKMARK [2][]{subsection.36}{\376\377\000N\000e\000u\000t\000r\000i\000n\000o\000s}{section.19}% 12
\BOOKMARK [2][]{subsection.40}{\376\377\000E\000l\000e\000c\000t\000r\000o\000n\000s\000\040\000a\000n\000d\000\040\000P\000o\000s\000i\000t\000r\000o\000n\000s}{section.19}% 13
\BOOKMARK [2][]{subsection.62}{\376\377\000B\000a\000r\000y\000o\000n\000s}{section.19}% 14
\BOOKMARK [1][]{section.74}{\376\377\000N\000u\000c\000l\000e\000a\000r\000\040\000R\000e\000a\000c\000t\000i\000o\000n\000s}{chapter.7}% 15
\BOOKMARK [2][]{subsection.80}{\376\377\000P\000r\000o\000t\000o\000n\000\040\000t\000o\000\040\000n\000e\000u\000t\000r\000o\000n\000\040\000r\000a\000t\000e}{section.74}% 16
\BOOKMARK [1][]{section.86}{\376\377\000I\000n\000i\000t\000i\000a\000l\000\040\000C\000o\000n\000d\000i\000t\000i\000o\000n\000s}{chapter.7}% 17
\BOOKMARK [2][]{subsection.87}{\376\377\000I\000n\000i\000t\000i\000a\000l\000\040\000T\000e\000m\000p\000e\000r\000a\000t\000u\000r\000e}{section.86}% 18
\BOOKMARK [2][]{subsection.88}{\376\377\000I\000n\000i\000t\000i\000a\000l\000\040\000T\000i\000m\000e}{section.86}% 19
\BOOKMARK [2][]{subsection.97}{\376\377\000I\000n\000i\000t\000i\000a\000l\000\040\000T\000i\000m\000e\000\040\000i\000n\000\040\000E\000x\000i\000s\000t\000i\000n\000g\000\040\000L\000i\000t\000e\000r\000a\000t\000u\000r\000e}{section.86}% 20
\BOOKMARK [2][]{subsection.100}{\376\377\000I\000n\000i\000t\000i\000a\000l\000\040\000A\000b\000u\000n\000d\000a\000n\000c\000e\000s}{section.86}% 21
\BOOKMARK [0][]{chapter.110}{\376\377\000B\000B\000N\000\040\000c\000o\000d\000e}{}% 22
\BOOKMARK [1][]{section.111}{\376\377\000A\000\040\000B\000r\000i\000e\000f\000\040\000H\000i\000s\000t\000o\000r\000y\000\040\000o\000f\000\040\000B\000B\000N\000\040\000C\000o\000d\000e\000s}{chapter.110}% 23
\BOOKMARK [2][]{subsection.112}{\376\377\000M\000o\000d\000e\000r\000n\000\040\000C\000o\000d\000e\000s}{section.111}% 24
\BOOKMARK [2][]{subsection.113}{\376\377\000A\000P\000O\000D\000O\000R\000A}{section.111}% 25
\BOOKMARK [1][]{section.115}{\376\377\000I\000n\000t\000e\000g\000r\000a\000t\000i\000n\000g\000\040\000t\000h\000e\000\040\000S\000y\000s\000t\000e\000m\000\040\000o\000f\000\040\000E\000q\000u\000a\000t\000i\000o\000n\000s}{chapter.110}% 26
\BOOKMARK [2][]{subsection.116}{\376\377\000I\000n\000t\000e\000g\000r\000a\000t\000i\000o\000n\000\040\000M\000e\000t\000h\000o\000d\000s}{section.115}% 27
\BOOKMARK [2][]{subsection.118}{\376\377\000I\000n\000i\000t\000i\000a\000l\000\040\000C\000o\000n\000d\000i\000t\000i\000o\000n\000s}{section.115}% 28
\BOOKMARK [2][]{subsection.119}{\376\377\000S\000i\000m\000p\000l\000i\000f\000i\000c\000a\000t\000i\000o\000n\000s\000\040\000o\000f\000\040\000t\000h\000e\000\040\000P\000r\000o\000b\000l\000e\000m}{section.115}% 29
\BOOKMARK [1][]{section.120}{\376\377\000C\000r\000e\000a\000t\000i\000n\000g\000\040\000t\000h\000e\000\040\000R\000e\000a\000c\000t\000i\000o\000n\000\040\000N\000e\000t\000w\000o\000r\000k}{chapter.110}% 30
\BOOKMARK [1][]{section.124}{\376\377\000R\000u\000n\000n\000i\000n\000g\000\040\000A\000P\000O\000D\000O\000R\000A}{chapter.110}% 31
\BOOKMARK [0][]{chapter.125}{\376\377\000R\000e\000s\000u\000l\000t\000s\000\040\000a\000n\000d\000\040\000D\000i\000s\000c\000u\000s\000s\000i\000o\000n}{}% 32
\BOOKMARK [1][]{section.129}{\376\377\000A\000c\000c\000u\000r\000a\000c\000y}{chapter.125}% 33
\BOOKMARK [2][]{subsection.130}{\376\377\000T\000o\000l\000e\000r\000a\000n\000c\000e\000s}{section.129}% 34
\BOOKMARK [2][]{subsection.134}{\376\377\000E\000l\000e\000c\000t\000r\000o\000n\000\040\000E\000n\000e\000r\000g\000y}{section.129}% 35
\BOOKMARK [2][]{subsection.136}{\376\377\000I\000n\000t\000e\000r\000p\000o\000l\000a\000t\000i\000o\000n}{section.129}% 36
\BOOKMARK [2][]{subsection.137}{\376\377\000N\000e\000t\000w\000o\000r\000k\000\040\000T\000i\000m\000i\000n\000g\000s}{section.129}% 37
\BOOKMARK [2][]{subsection.144}{\376\377\000N\000e\000u\000t\000r\000i\000n\000o\000\040\000D\000e\000c\000o\000u\000p\000l\000i\000n\000g}{section.129}% 38
\BOOKMARK [1][]{section.147}{\376\377\000C\000o\000m\000p\000a\000r\000i\000s\000o\000n\000\040\000w\000i\000t\000h\000\040\000A\000l\000t\000e\000r\000B\000B\000N}{chapter.125}% 39
\BOOKMARK [2][]{subsection.148}{\376\377\000S\000p\000e\000e\000d}{section.147}% 40
\BOOKMARK [2][]{subsection.149}{\376\377\000P\000r\000e\000d\000i\000c\000t\000e\000d\000\040\000A\000b\000u\000n\000d\000a\000n\000c\000e\000s}{section.147}% 41
\BOOKMARK [2][]{subsection.151}{\376\377\000B\000a\000c\000k\000g\000r\000o\000u\000n\000d}{section.147}% 42
\BOOKMARK [2][]{subsection.154}{\376\377\000R\000e\000a\000c\000t\000i\000o\000n\000\040\000N\000e\000t\000w\000o\000r\000k}{section.147}% 43
\BOOKMARK [2][]{subsection.156}{\376\377\000M\000o\000d\000i\000f\000y\000i\000n\000g\000\040\000t\000h\000e\000\040\000N\000e\000t\000w\000o\000r\000k\000\040\000w\000i\000t\000h\000\040\000A\000l\000t\000e\000r\000B\000B\000N\000\040\000r\000a\000t\000e\000s}{section.147}% 44
\BOOKMARK [1][]{section.159}{\376\377\000F\000i\000n\000a\000l\000\040\000A\000b\000u\000n\000d\000a\000n\000c\000e\000s}{chapter.125}% 45
\BOOKMARK [2][]{subsection.165}{\376\377\000E\000t\000a\000\040\000a\000n\000d\000\040\000t\000h\000e\000\040\000L\000i\000t\000h\000i\000u\000m\000\040\000P\000r\000o\000b\000l\000e\000m}{section.159}% 46
\BOOKMARK [1][]{section.167}{\376\377\000O\000u\000t\000l\000o\000o\000k}{chapter.125}% 47
\BOOKMARK [0][]{chapter.168}{\376\377\000C\000o\000n\000c\000l\000u\000s\000i\000o\000n}{}% 48
\BOOKMARK [0][]{section*.170}{\376\377\000B\000i\000b\000l\000i\000o\000g\000r\000a\000p\000h\000y}{}% 49
\BOOKMARK [0][]{appendix.171}{\376\377\000P\000l\000o\000t\000s\000\040\000o\000f\000\040\000R\000e\000a\000c\000t\000i\000o\000n\000\040\000r\000a\000t\000e\000s\000\040\000d\000u\000r\000i\000n\000g\000\040\000B\000B\000N}{}% 50
